<?xml version="1.0" encoding="UTF-8"?>
<!-- Generated by org.testng.reporters.JUnitReportReporter -->
<testsuite hostname="INL20-IAAAABDD" failures="0" tests="1" name="testScripts.TRX_HA" time="117.952" errors="0" timestamp="2022-08-16T09:36:41 IST" skipped="0">
  <testcase classname="testScripts.TRX_HA" name="test" time="117.952"/>
  <system-out/>
</testsuite> <!-- testScripts.TRX_HA -->
