<?xml version="1.0" encoding="UTF-8"?>
<!-- Generated by org.testng.reporters.JUnitReportReporter -->
<testsuite hostname="INL20-IAAAABDD" failures="0" tests="1" name="testScripts.TC1" time="44.863" errors="0" timestamp="2022-07-12T15:27:29 IST" skipped="0">
  <testcase classname="testScripts.TC1" name="test" time="44.863"/>
  <system-out/>
</testsuite> <!-- testScripts.TC1 -->
