<?xml version="1.0" encoding="UTF-8"?>
<!-- Generated by org.testng.reporters.JUnitReportReporter -->
<testsuite hostname="INL20-IAAAABDD" failures="0" tests="1" name="testScripts.createCard" time="146.635" errors="0" timestamp="2022-09-16T17:19:45 IST" skipped="0">
  <testcase classname="testScripts.createCard" name="test" time="146.635"/>
  <system-out/>
</testsuite> <!-- testScripts.createCard -->
