<?xml version="1.0" encoding="UTF-8"?>
<!-- Generated by org.testng.reporters.JUnitReportReporter -->
<testsuite hostname="INL20-IAAAABDD" failures="0" tests="1" name="testScripts.TC2" time="2.891" errors="0" timestamp="2022-07-26T12:07:42 IST" skipped="0">
  <testcase classname="testScripts.TC2" name="test" time="2.891"/>
  <system-out/>
</testsuite> <!-- testScripts.TC2 -->
