<?xml version="1.0" encoding="UTF-8"?>
<!-- Generated by org.testng.reporters.JUnitReportReporter -->
<testsuite hostname="INL20-IAAAABDD" failures="0" tests="1" name="testScripts.TC2" time="25.923" errors="0" timestamp="2022-07-12T14:57:59 IST" skipped="0">
  <testcase classname="testScripts.TC2" name="test" time="25.923"/>
  <system-out/>
</testsuite> <!-- testScripts.TC2 -->
