<?xml version="1.0" encoding="UTF-8"?>
<!-- Generated by org.testng.reporters.JUnitReportReporter -->
<testsuite hostname="INL20-IAAAABDD" failures="0" tests="1" name="testScripts.TRX" time="77.098" errors="0" timestamp="2022-07-22T10:29:50 IST" skipped="0">
  <testcase classname="testScripts.TRX" name="test" time="77.098"/>
  <system-out/>
</testsuite> <!-- testScripts.TRX -->
