<?xml version="1.0" encoding="UTF-8"?>
<!-- Generated by org.testng.reporters.JUnitReportReporter -->
<testsuite hostname="INL20-IAAAABDD" failures="0" tests="1" name="testScripts.test" time="2.981" errors="0" timestamp="2022-07-11T17:22:26 IST" skipped="0">
  <testcase classname="testScripts.test" name="test" time="2.981"/>
  <system-out/>
</testsuite> <!-- testScripts.test -->
