<?xml version="1.0" encoding="UTF-8"?>
<!-- Generated by org.testng.reporters.JUnitReportReporter -->
<testsuite hostname="INL20-IAAAABDD" failures="0" tests="1" name="testScripts.ACQ" time="178.591" errors="0" timestamp="2022-08-16T09:40:03 IST" skipped="0">
  <testcase classname="testScripts.ACQ" name="test" time="178.591"/>
  <system-out/>
</testsuite> <!-- testScripts.ACQ -->
