<?xml version="1.0" encoding="UTF-8"?>
<!-- Generated by org.testng.reporters.JUnitReportReporter -->
<testsuite hostname="INL20-IAAAABDD" failures="0" tests="1" name="utilities.ReadPropertyFile" time="0.009" errors="0" timestamp="2022-09-11T14:30:10 IST" skipped="0">
  <testcase classname="utilities.ReadPropertyFile" name="ReadFileReader" time="0.009"/>
  <system-out/>
</testsuite> <!-- utilities.ReadPropertyFile -->
